The system is: Windows - 10.0.18362 - AMD64
Compiling the CXX compiler identification source file "CMakeCXXCompilerId.cpp" succeeded.
Compiler: C:/Program Files (x86)/Microsoft Visual Studio/2017/Community/VC/Tools/MSVC/14.16.27023/bin/HostX86/x64/cl.exe 
Build flags: 
Id flags:  

The output was:
0
Microsoft (R) C/C++ Optimizing Compiler Version 19.16.27027.1 for x64
Copyright (C) Microsoft Corporation.  All rights reserved.

CMakeCXXCompilerId.cpp
Microsoft (R) Incremental Linker Version 14.16.27027.1
Copyright (C) Microsoft Corporation.  All rights reserved.

/out:CMakeCXXCompilerId.exe 
CMakeCXXCompilerId.obj 


Compilation of the CXX compiler identification source "CMakeCXXCompilerId.cpp" produced "CMakeCXXCompilerId.exe"

Compilation of the CXX compiler identification source "CMakeCXXCompilerId.cpp" produced "CMakeCXXCompilerId.obj"

The CXX compiler identification is MSVC, found in "C:/Users/user/Documents/GitHub/IPZ_Project/IPZ_Client/build_release/CMakeFiles/3.17.1/CompilerIdCXX/CMakeCXXCompilerId.exe"

Determining if the CXX compiler works passed with the following output:
Change Dir: C:/Users/user/Documents/GitHub/IPZ_Project/IPZ_Client/build_release/CMakeFiles/CMakeTmp

Run Build Command(s):C:/PROGRA~2/MICROS~1/2017/COMMUN~1/Common7/IDE/COMMON~1/MICROS~1/CMake/Ninja/ninja.exe cmTC_93f69 && [1/2] Building CXX object CMakeFiles\cmTC_93f69.dir\testCXXCompiler.cxx.obj
[2/2] Linking CXX executable cmTC_93f69.exe



Detecting CXX compiler ABI info compiled with the following output:
Change Dir: C:/Users/user/Documents/GitHub/IPZ_Project/IPZ_Client/build_release/CMakeFiles/CMakeTmp

Run Build Command(s):C:/PROGRA~2/MICROS~1/2017/COMMUN~1/Common7/IDE/COMMON~1/MICROS~1/CMake/Ninja/ninja.exe cmTC_20cd0 && [1/2] Building CXX object CMakeFiles\cmTC_20cd0.dir\CMakeCXXCompilerABI.cpp.obj
[2/2] Linking CXX executable cmTC_20cd0.exe



